[0.083s] DEBUG:colcon:Command line arguments: ['/usr/bin/colcon', 'list', '-p', '--base-paths', '/home/yasin/githup_calisma/turtlesim_ws']
[0.083s] DEBUG:colcon:Parsed command line arguments: Namespace(log_base=None, log_level=None, verb_name='list', build_base='build', ignore_user_meta=False, metas=['./colcon.meta'], base_paths=['/home/yasin/githup_calisma/turtlesim_ws'], packages_ignore=None, packages_ignore_regex=None, paths=None, packages_up_to=None, packages_up_to_regex=None, packages_above=None, packages_above_and_dependencies=None, packages_above_depth=None, packages_select_by_dep=None, packages_skip_by_dep=None, packages_skip_up_to=None, packages_select_build_failed=False, packages_skip_build_finished=False, packages_select_test_failures=False, packages_skip_test_passed=False, packages_select=None, packages_skip=None, packages_select_regex=None, packages_skip_regex=None, packages_start=None, packages_end=None, allow_overriding=[], topological_order=False, names_only=False, paths_only=True, topological_graph=False, topological_graph_dot=False, topological_graph_density=False, topological_graph_legend=False, topological_graph_dot_cluster=False, topological_graph_dot_include_skipped=False, verb_parser=<colcon_defaults.argument_parser.defaults.DefaultArgumentsDecorator object at 0x79745a0fa050>, verb_extension=<colcon_package_information.verb.list.ListVerb object at 0x79745a26a8c0>, main=<bound method ListVerb.main of <colcon_package_information.verb.list.ListVerb object at 0x79745a26a8c0>>)
[0.122s] Level 1:colcon.colcon_core.package_discovery:discover_packages(colcon_meta) check parameters
[0.122s] Level 1:colcon.colcon_core.package_discovery:discover_packages(recursive) check parameters
[0.122s] Level 1:colcon.colcon_core.package_discovery:discover_packages(ignore) check parameters
[0.122s] Level 1:colcon.colcon_core.package_discovery:discover_packages(path) check parameters
[0.122s] Level 1:colcon.colcon_core.package_discovery:discover_packages(recursive) discover
[0.122s] INFO:colcon.colcon_core.package_discovery:Crawling recursively for packages in '/home/yasin/githup_calisma/turtlesim_ws'
[0.122s] Level 1:colcon.colcon_core.package_identification:_identify(/home/yasin/githup_calisma/turtlesim_ws) by extensions ['ignore', 'ignore_ament_install']
[0.123s] Level 1:colcon.colcon_core.package_identification:_identify(/home/yasin/githup_calisma/turtlesim_ws) by extension 'ignore'
[0.123s] Level 1:colcon.colcon_core.package_identification:_identify(/home/yasin/githup_calisma/turtlesim_ws) by extension 'ignore_ament_install'
[0.123s] Level 1:colcon.colcon_core.package_identification:_identify(/home/yasin/githup_calisma/turtlesim_ws) by extensions ['colcon_pkg']
[0.123s] Level 1:colcon.colcon_core.package_identification:_identify(/home/yasin/githup_calisma/turtlesim_ws) by extension 'colcon_pkg'
[0.123s] Level 1:colcon.colcon_core.package_identification:_identify(/home/yasin/githup_calisma/turtlesim_ws) by extensions ['colcon_meta']
[0.123s] Level 1:colcon.colcon_core.package_identification:_identify(/home/yasin/githup_calisma/turtlesim_ws) by extension 'colcon_meta'
[0.123s] Level 1:colcon.colcon_core.package_identification:_identify(/home/yasin/githup_calisma/turtlesim_ws) by extensions ['ros']
[0.123s] Level 1:colcon.colcon_core.package_identification:_identify(/home/yasin/githup_calisma/turtlesim_ws) by extension 'ros'
[0.139s] Level 1:colcon.colcon_core.package_identification:_identify(/home/yasin/githup_calisma/turtlesim_ws) by extensions ['cmake', 'python']
[0.139s] Level 1:colcon.colcon_core.package_identification:_identify(/home/yasin/githup_calisma/turtlesim_ws) by extension 'cmake'
[0.139s] Level 1:colcon.colcon_core.package_identification:_identify(/home/yasin/githup_calisma/turtlesim_ws) by extension 'python'
[0.139s] Level 1:colcon.colcon_core.package_identification:_identify(/home/yasin/githup_calisma/turtlesim_ws) by extensions ['python_setup_py']
[0.139s] Level 1:colcon.colcon_core.package_identification:_identify(/home/yasin/githup_calisma/turtlesim_ws) by extension 'python_setup_py'
[0.139s] Level 1:colcon.colcon_core.package_identification:_identify(/home/yasin/githup_calisma/turtlesim_ws/log) by extensions ['ignore', 'ignore_ament_install']
[0.139s] Level 1:colcon.colcon_core.package_identification:_identify(/home/yasin/githup_calisma/turtlesim_ws/log) by extension 'ignore'
[0.140s] Level 1:colcon.colcon_core.package_identification:_identify(/home/yasin/githup_calisma/turtlesim_ws/log) ignored
[0.140s] Level 1:colcon.colcon_core.package_identification:_identify(/home/yasin/githup_calisma/turtlesim_ws/src) by extensions ['ignore', 'ignore_ament_install']
[0.140s] Level 1:colcon.colcon_core.package_identification:_identify(/home/yasin/githup_calisma/turtlesim_ws/src) by extension 'ignore'
[0.140s] Level 1:colcon.colcon_core.package_identification:_identify(/home/yasin/githup_calisma/turtlesim_ws/src) by extension 'ignore_ament_install'
[0.140s] Level 1:colcon.colcon_core.package_identification:_identify(/home/yasin/githup_calisma/turtlesim_ws/src) by extensions ['colcon_pkg']
[0.140s] Level 1:colcon.colcon_core.package_identification:_identify(/home/yasin/githup_calisma/turtlesim_ws/src) by extension 'colcon_pkg'
[0.140s] Level 1:colcon.colcon_core.package_identification:_identify(/home/yasin/githup_calisma/turtlesim_ws/src) by extensions ['colcon_meta']
[0.140s] Level 1:colcon.colcon_core.package_identification:_identify(/home/yasin/githup_calisma/turtlesim_ws/src) by extension 'colcon_meta'
[0.140s] Level 1:colcon.colcon_core.package_identification:_identify(/home/yasin/githup_calisma/turtlesim_ws/src) by extensions ['ros']
[0.140s] Level 1:colcon.colcon_core.package_identification:_identify(/home/yasin/githup_calisma/turtlesim_ws/src) by extension 'ros'
[0.140s] Level 1:colcon.colcon_core.package_identification:_identify(/home/yasin/githup_calisma/turtlesim_ws/src) by extensions ['cmake', 'python']
[0.140s] Level 1:colcon.colcon_core.package_identification:_identify(/home/yasin/githup_calisma/turtlesim_ws/src) by extension 'cmake'
[0.140s] Level 1:colcon.colcon_core.package_identification:_identify(/home/yasin/githup_calisma/turtlesim_ws/src) by extension 'python'
[0.140s] Level 1:colcon.colcon_core.package_identification:_identify(/home/yasin/githup_calisma/turtlesim_ws/src) by extensions ['python_setup_py']
[0.140s] Level 1:colcon.colcon_core.package_identification:_identify(/home/yasin/githup_calisma/turtlesim_ws/src) by extension 'python_setup_py'
[0.140s] Level 1:colcon.colcon_core.package_identification:_identify(/home/yasin/githup_calisma/turtlesim_ws/src/simple_bringup) by extensions ['ignore', 'ignore_ament_install']
[0.140s] Level 1:colcon.colcon_core.package_identification:_identify(/home/yasin/githup_calisma/turtlesim_ws/src/simple_bringup) by extension 'ignore'
[0.140s] Level 1:colcon.colcon_core.package_identification:_identify(/home/yasin/githup_calisma/turtlesim_ws/src/simple_bringup) by extension 'ignore_ament_install'
[0.140s] Level 1:colcon.colcon_core.package_identification:_identify(/home/yasin/githup_calisma/turtlesim_ws/src/simple_bringup) by extensions ['colcon_pkg']
[0.140s] Level 1:colcon.colcon_core.package_identification:_identify(/home/yasin/githup_calisma/turtlesim_ws/src/simple_bringup) by extension 'colcon_pkg'
[0.140s] Level 1:colcon.colcon_core.package_identification:_identify(/home/yasin/githup_calisma/turtlesim_ws/src/simple_bringup) by extensions ['colcon_meta']
[0.140s] Level 1:colcon.colcon_core.package_identification:_identify(/home/yasin/githup_calisma/turtlesim_ws/src/simple_bringup) by extension 'colcon_meta'
[0.140s] Level 1:colcon.colcon_core.package_identification:_identify(/home/yasin/githup_calisma/turtlesim_ws/src/simple_bringup) by extensions ['ros']
[0.141s] Level 1:colcon.colcon_core.package_identification:_identify(/home/yasin/githup_calisma/turtlesim_ws/src/simple_bringup) by extension 'ros'
[0.143s] DEBUG:colcon.colcon_core.package_identification:Package '/home/yasin/githup_calisma/turtlesim_ws/src/simple_bringup' with type 'ros.ament_cmake' and name 'simple_bringup'
[0.143s] Level 1:colcon.colcon_core.package_identification:_identify(/home/yasin/githup_calisma/turtlesim_ws/src/simple_interface_pkg) by extensions ['ignore', 'ignore_ament_install']
[0.144s] Level 1:colcon.colcon_core.package_identification:_identify(/home/yasin/githup_calisma/turtlesim_ws/src/simple_interface_pkg) by extension 'ignore'
[0.144s] Level 1:colcon.colcon_core.package_identification:_identify(/home/yasin/githup_calisma/turtlesim_ws/src/simple_interface_pkg) by extension 'ignore_ament_install'
[0.144s] Level 1:colcon.colcon_core.package_identification:_identify(/home/yasin/githup_calisma/turtlesim_ws/src/simple_interface_pkg) by extensions ['colcon_pkg']
[0.144s] Level 1:colcon.colcon_core.package_identification:_identify(/home/yasin/githup_calisma/turtlesim_ws/src/simple_interface_pkg) by extension 'colcon_pkg'
[0.144s] Level 1:colcon.colcon_core.package_identification:_identify(/home/yasin/githup_calisma/turtlesim_ws/src/simple_interface_pkg) by extensions ['colcon_meta']
[0.144s] Level 1:colcon.colcon_core.package_identification:_identify(/home/yasin/githup_calisma/turtlesim_ws/src/simple_interface_pkg) by extension 'colcon_meta'
[0.144s] Level 1:colcon.colcon_core.package_identification:_identify(/home/yasin/githup_calisma/turtlesim_ws/src/simple_interface_pkg) by extensions ['ros']
[0.144s] Level 1:colcon.colcon_core.package_identification:_identify(/home/yasin/githup_calisma/turtlesim_ws/src/simple_interface_pkg) by extension 'ros'
[0.145s] DEBUG:colcon.colcon_core.package_identification:Package '/home/yasin/githup_calisma/turtlesim_ws/src/simple_interface_pkg' with type 'ros.ament_cmake' and name 'simple_interface_pkg'
[0.145s] Level 1:colcon.colcon_core.package_identification:_identify(/home/yasin/githup_calisma/turtlesim_ws/src/simple_py_pkg) by extensions ['ignore', 'ignore_ament_install']
[0.145s] Level 1:colcon.colcon_core.package_identification:_identify(/home/yasin/githup_calisma/turtlesim_ws/src/simple_py_pkg) by extension 'ignore'
[0.145s] Level 1:colcon.colcon_core.package_identification:_identify(/home/yasin/githup_calisma/turtlesim_ws/src/simple_py_pkg) by extension 'ignore_ament_install'
[0.145s] Level 1:colcon.colcon_core.package_identification:_identify(/home/yasin/githup_calisma/turtlesim_ws/src/simple_py_pkg) by extensions ['colcon_pkg']
[0.145s] Level 1:colcon.colcon_core.package_identification:_identify(/home/yasin/githup_calisma/turtlesim_ws/src/simple_py_pkg) by extension 'colcon_pkg'
[0.145s] Level 1:colcon.colcon_core.package_identification:_identify(/home/yasin/githup_calisma/turtlesim_ws/src/simple_py_pkg) by extensions ['colcon_meta']
[0.145s] Level 1:colcon.colcon_core.package_identification:_identify(/home/yasin/githup_calisma/turtlesim_ws/src/simple_py_pkg) by extension 'colcon_meta'
[0.145s] Level 1:colcon.colcon_core.package_identification:_identify(/home/yasin/githup_calisma/turtlesim_ws/src/simple_py_pkg) by extensions ['ros']
[0.145s] Level 1:colcon.colcon_core.package_identification:_identify(/home/yasin/githup_calisma/turtlesim_ws/src/simple_py_pkg) by extension 'ros'
[0.146s] DEBUG:colcon.colcon_core.package_identification:Package '/home/yasin/githup_calisma/turtlesim_ws/src/simple_py_pkg' with type 'ros.ament_python' and name 'simple_py_pkg'
[0.147s] Level 1:colcon.colcon_core.package_identification:_identify(/home/yasin/githup_calisma/turtlesim_ws/src/turtlesim_application) by extensions ['ignore', 'ignore_ament_install']
[0.147s] Level 1:colcon.colcon_core.package_identification:_identify(/home/yasin/githup_calisma/turtlesim_ws/src/turtlesim_application) by extension 'ignore'
[0.147s] Level 1:colcon.colcon_core.package_identification:_identify(/home/yasin/githup_calisma/turtlesim_ws/src/turtlesim_application) by extension 'ignore_ament_install'
[0.147s] Level 1:colcon.colcon_core.package_identification:_identify(/home/yasin/githup_calisma/turtlesim_ws/src/turtlesim_application) by extensions ['colcon_pkg']
[0.147s] Level 1:colcon.colcon_core.package_identification:_identify(/home/yasin/githup_calisma/turtlesim_ws/src/turtlesim_application) by extension 'colcon_pkg'
[0.147s] Level 1:colcon.colcon_core.package_identification:_identify(/home/yasin/githup_calisma/turtlesim_ws/src/turtlesim_application) by extensions ['colcon_meta']
[0.147s] Level 1:colcon.colcon_core.package_identification:_identify(/home/yasin/githup_calisma/turtlesim_ws/src/turtlesim_application) by extension 'colcon_meta'
[0.147s] Level 1:colcon.colcon_core.package_identification:_identify(/home/yasin/githup_calisma/turtlesim_ws/src/turtlesim_application) by extensions ['ros']
[0.147s] Level 1:colcon.colcon_core.package_identification:_identify(/home/yasin/githup_calisma/turtlesim_ws/src/turtlesim_application) by extension 'ros'
[0.148s] DEBUG:colcon.colcon_core.package_identification:Package '/home/yasin/githup_calisma/turtlesim_ws/src/turtlesim_application' with type 'ros.ament_python' and name 'turtlesim_application'
[0.148s] Level 1:colcon.colcon_core.package_identification:_identify(/home/yasin/githup_calisma/turtlesim_ws/src/turtlesim_bringup) by extensions ['ignore', 'ignore_ament_install']
[0.148s] Level 1:colcon.colcon_core.package_identification:_identify(/home/yasin/githup_calisma/turtlesim_ws/src/turtlesim_bringup) by extension 'ignore'
[0.148s] Level 1:colcon.colcon_core.package_identification:_identify(/home/yasin/githup_calisma/turtlesim_ws/src/turtlesim_bringup) by extension 'ignore_ament_install'
[0.148s] Level 1:colcon.colcon_core.package_identification:_identify(/home/yasin/githup_calisma/turtlesim_ws/src/turtlesim_bringup) by extensions ['colcon_pkg']
[0.148s] Level 1:colcon.colcon_core.package_identification:_identify(/home/yasin/githup_calisma/turtlesim_ws/src/turtlesim_bringup) by extension 'colcon_pkg'
[0.148s] Level 1:colcon.colcon_core.package_identification:_identify(/home/yasin/githup_calisma/turtlesim_ws/src/turtlesim_bringup) by extensions ['colcon_meta']
[0.148s] Level 1:colcon.colcon_core.package_identification:_identify(/home/yasin/githup_calisma/turtlesim_ws/src/turtlesim_bringup) by extension 'colcon_meta'
[0.148s] Level 1:colcon.colcon_core.package_identification:_identify(/home/yasin/githup_calisma/turtlesim_ws/src/turtlesim_bringup) by extensions ['ros']
[0.148s] Level 1:colcon.colcon_core.package_identification:_identify(/home/yasin/githup_calisma/turtlesim_ws/src/turtlesim_bringup) by extension 'ros'
[0.149s] DEBUG:colcon.colcon_core.package_identification:Package '/home/yasin/githup_calisma/turtlesim_ws/src/turtlesim_bringup' with type 'ros.ament_cmake' and name 'turtlesim_bringup'
[0.149s] Level 1:colcon.colcon_core.package_identification:_identify(/home/yasin/githup_calisma/turtlesim_ws/src/turtlesim_interfaces) by extensions ['ignore', 'ignore_ament_install']
[0.149s] Level 1:colcon.colcon_core.package_identification:_identify(/home/yasin/githup_calisma/turtlesim_ws/src/turtlesim_interfaces) by extension 'ignore'
[0.149s] Level 1:colcon.colcon_core.package_identification:_identify(/home/yasin/githup_calisma/turtlesim_ws/src/turtlesim_interfaces) by extension 'ignore_ament_install'
[0.149s] Level 1:colcon.colcon_core.package_identification:_identify(/home/yasin/githup_calisma/turtlesim_ws/src/turtlesim_interfaces) by extensions ['colcon_pkg']
[0.149s] Level 1:colcon.colcon_core.package_identification:_identify(/home/yasin/githup_calisma/turtlesim_ws/src/turtlesim_interfaces) by extension 'colcon_pkg'
[0.149s] Level 1:colcon.colcon_core.package_identification:_identify(/home/yasin/githup_calisma/turtlesim_ws/src/turtlesim_interfaces) by extensions ['colcon_meta']
[0.149s] Level 1:colcon.colcon_core.package_identification:_identify(/home/yasin/githup_calisma/turtlesim_ws/src/turtlesim_interfaces) by extension 'colcon_meta'
[0.149s] Level 1:colcon.colcon_core.package_identification:_identify(/home/yasin/githup_calisma/turtlesim_ws/src/turtlesim_interfaces) by extensions ['ros']
[0.149s] Level 1:colcon.colcon_core.package_identification:_identify(/home/yasin/githup_calisma/turtlesim_ws/src/turtlesim_interfaces) by extension 'ros'
[0.150s] DEBUG:colcon.colcon_core.package_identification:Package '/home/yasin/githup_calisma/turtlesim_ws/src/turtlesim_interfaces' with type 'ros.ament_cmake' and name 'turtlesim_interfaces'
[0.150s] Level 1:colcon.colcon_core.package_identification:_identify(/home/yasin/githup_calisma/turtlesim_ws/src/turtlesim_py_pkg) by extensions ['ignore', 'ignore_ament_install']
[0.150s] Level 1:colcon.colcon_core.package_identification:_identify(/home/yasin/githup_calisma/turtlesim_ws/src/turtlesim_py_pkg) by extension 'ignore'
[0.150s] Level 1:colcon.colcon_core.package_identification:_identify(/home/yasin/githup_calisma/turtlesim_ws/src/turtlesim_py_pkg) by extension 'ignore_ament_install'
[0.150s] Level 1:colcon.colcon_core.package_identification:_identify(/home/yasin/githup_calisma/turtlesim_ws/src/turtlesim_py_pkg) by extensions ['colcon_pkg']
[0.150s] Level 1:colcon.colcon_core.package_identification:_identify(/home/yasin/githup_calisma/turtlesim_ws/src/turtlesim_py_pkg) by extension 'colcon_pkg'
[0.150s] Level 1:colcon.colcon_core.package_identification:_identify(/home/yasin/githup_calisma/turtlesim_ws/src/turtlesim_py_pkg) by extensions ['colcon_meta']
[0.150s] Level 1:colcon.colcon_core.package_identification:_identify(/home/yasin/githup_calisma/turtlesim_ws/src/turtlesim_py_pkg) by extension 'colcon_meta'
[0.150s] Level 1:colcon.colcon_core.package_identification:_identify(/home/yasin/githup_calisma/turtlesim_ws/src/turtlesim_py_pkg) by extensions ['ros']
[0.150s] Level 1:colcon.colcon_core.package_identification:_identify(/home/yasin/githup_calisma/turtlesim_ws/src/turtlesim_py_pkg) by extension 'ros'
[0.151s] DEBUG:colcon.colcon_core.package_identification:Package '/home/yasin/githup_calisma/turtlesim_ws/src/turtlesim_py_pkg' with type 'ros.ament_python' and name 'turtlesim_py_pkg'
[0.151s] Level 1:colcon.colcon_core.package_discovery:discover_packages(recursive) using defaults
