[0.475s] Invoking command in '/home/yasin/turtlesim_ws/src/build/turtlesim_py_pkg': PYTHONPATH=/home/yasin/turtlesim_ws/src/build/turtlesim_py_pkg/prefix_override:/usr/lib/python3/dist-packages/colcon_core/task/python/colcon_distutils_commands:/home/yasin/turtlesim_ws/src/install/turtlesim_py_pkg/lib/python3.10/site-packages:${PYTHONPATH} /usr/bin/python3 -W ignore:setup.py install is deprecated -W ignore:easy_install command is deprecated setup.py develop --editable --build-directory /home/yasin/turtlesim_ws/src/build/turtlesim_py_pkg/build --no-deps symlink_data --force
[0.663s] running develop
[0.768s] running egg_info
[0.775s] writing turtlesim_py_pkg.egg-info/PKG-INFO
[0.775s] writing dependency_links to turtlesim_py_pkg.egg-info/dependency_links.txt
[0.776s] writing entry points to turtlesim_py_pkg.egg-info/entry_points.txt
[0.776s] writing requirements to turtlesim_py_pkg.egg-info/requires.txt
[0.776s] writing top-level names to turtlesim_py_pkg.egg-info/top_level.txt
[0.791s] reading manifest file 'turtlesim_py_pkg.egg-info/SOURCES.txt'
[0.792s] writing manifest file 'turtlesim_py_pkg.egg-info/SOURCES.txt'
[0.800s] running build_ext
[0.800s] Creating /home/yasin/turtlesim_ws/src/install/turtlesim_py_pkg/lib/python3.10/site-packages/turtlesim-py-pkg.egg-link (link to .)
[0.801s] Installing go_to_loc script to /home/yasin/turtlesim_ws/src/install/turtlesim_py_pkg/lib/turtlesim_py_pkg
[0.801s] Installing vel_contoller script to /home/yasin/turtlesim_ws/src/install/turtlesim_py_pkg/lib/turtlesim_py_pkg
[0.801s] 
[0.801s] Installed /home/yasin/turtlesim_ws/src/build/turtlesim_py_pkg
[0.801s] running symlink_data
[0.801s] symbolically linking /home/yasin/turtlesim_ws/src/build/turtlesim_py_pkg/resource/turtlesim_py_pkg -> /home/yasin/turtlesim_ws/src/install/turtlesim_py_pkg/share/ament_index/resource_index/packages
[0.801s] symbolically linking /home/yasin/turtlesim_ws/src/build/turtlesim_py_pkg/package.xml -> /home/yasin/turtlesim_ws/src/install/turtlesim_py_pkg/share/turtlesim_py_pkg
[0.826s] Invoked command in '/home/yasin/turtlesim_ws/src/build/turtlesim_py_pkg' returned '0': PYTHONPATH=/home/yasin/turtlesim_ws/src/build/turtlesim_py_pkg/prefix_override:/usr/lib/python3/dist-packages/colcon_core/task/python/colcon_distutils_commands:/home/yasin/turtlesim_ws/src/install/turtlesim_py_pkg/lib/python3.10/site-packages:${PYTHONPATH} /usr/bin/python3 -W ignore:setup.py install is deprecated -W ignore:easy_install command is deprecated setup.py develop --editable --build-directory /home/yasin/turtlesim_ws/src/build/turtlesim_py_pkg/build --no-deps symlink_data --force
