[0.071s] DEBUG:colcon:Command line arguments: ['/usr/bin/colcon', 'build']
[0.071s] DEBUG:colcon:Parsed command line arguments: Namespace(log_base=None, log_level=None, verb_name='build', build_base='build', install_base='install', merge_install=False, symlink_install=False, test_result_base=None, continue_on_error=False, executor='parallel', parallel_workers=12, event_handlers=None, ignore_user_meta=False, metas=['./colcon.meta'], base_paths=['.'], packages_ignore=None, packages_ignore_regex=None, paths=None, packages_up_to=None, packages_up_to_regex=None, packages_above=None, packages_above_and_dependencies=None, packages_above_depth=None, packages_select_by_dep=None, packages_skip_by_dep=None, packages_skip_up_to=None, packages_select_build_failed=False, packages_skip_build_finished=False, packages_select_test_failures=False, packages_skip_test_passed=False, packages_select=None, packages_skip=None, packages_select_regex=None, packages_skip_regex=None, packages_start=None, packages_end=None, allow_overriding=[], cmake_args=None, cmake_target=None, cmake_target_skip_unavailable=False, cmake_clean_cache=False, cmake_clean_first=False, cmake_force_configure=False, ament_cmake_args=None, catkin_cmake_args=None, catkin_skip_building_tests=False, verb_parser=<colcon_defaults.argument_parser.defaults.DefaultArgumentsDecorator object at 0x7959113504f0>, verb_extension=<colcon_core.verb.build.BuildVerb object at 0x79591131bbb0>, main=<bound method BuildVerb.main of <colcon_core.verb.build.BuildVerb object at 0x79591131bbb0>>)
[0.098s] Level 1:colcon.colcon_core.package_discovery:discover_packages(colcon_meta) check parameters
[0.098s] Level 1:colcon.colcon_core.package_discovery:discover_packages(recursive) check parameters
[0.098s] Level 1:colcon.colcon_core.package_discovery:discover_packages(ignore) check parameters
[0.098s] Level 1:colcon.colcon_core.package_discovery:discover_packages(path) check parameters
[0.098s] Level 1:colcon.colcon_core.package_discovery:discover_packages(colcon_meta) discover
[0.098s] Level 1:colcon.colcon_core.package_discovery:discover_packages(recursive) discover
[0.098s] INFO:colcon.colcon_core.package_discovery:Crawling recursively for packages in '/home/yasin/turtlesim_ws/src'
[0.098s] Level 1:colcon.colcon_core.package_identification:_identify(.) by extensions ['ignore', 'ignore_ament_install']
[0.098s] Level 1:colcon.colcon_core.package_identification:_identify(.) by extension 'ignore'
[0.098s] Level 1:colcon.colcon_core.package_identification:_identify(.) by extension 'ignore_ament_install'
[0.098s] Level 1:colcon.colcon_core.package_identification:_identify(.) by extensions ['colcon_pkg']
[0.098s] Level 1:colcon.colcon_core.package_identification:_identify(.) by extension 'colcon_pkg'
[0.098s] Level 1:colcon.colcon_core.package_identification:_identify(.) by extensions ['colcon_meta']
[0.098s] Level 1:colcon.colcon_core.package_identification:_identify(.) by extension 'colcon_meta'
[0.098s] Level 1:colcon.colcon_core.package_identification:_identify(.) by extensions ['ros']
[0.098s] Level 1:colcon.colcon_core.package_identification:_identify(.) by extension 'ros'
[0.109s] Level 1:colcon.colcon_core.package_identification:_identify(.) by extensions ['cmake', 'python']
[0.109s] Level 1:colcon.colcon_core.package_identification:_identify(.) by extension 'cmake'
[0.109s] Level 1:colcon.colcon_core.package_identification:_identify(.) by extension 'python'
[0.109s] Level 1:colcon.colcon_core.package_identification:_identify(.) by extensions ['python_setup_py']
[0.109s] Level 1:colcon.colcon_core.package_identification:_identify(.) by extension 'python_setup_py'
[0.109s] Level 1:colcon.colcon_core.package_identification:_identify(build) by extensions ['ignore', 'ignore_ament_install']
[0.109s] Level 1:colcon.colcon_core.package_identification:_identify(build) by extension 'ignore'
[0.109s] Level 1:colcon.colcon_core.package_identification:_identify(build) ignored
[0.110s] Level 1:colcon.colcon_core.package_identification:_identify(install) by extensions ['ignore', 'ignore_ament_install']
[0.110s] Level 1:colcon.colcon_core.package_identification:_identify(install) by extension 'ignore'
[0.110s] Level 1:colcon.colcon_core.package_identification:_identify(install) ignored
[0.110s] Level 1:colcon.colcon_core.package_identification:_identify(log) by extensions ['ignore', 'ignore_ament_install']
[0.110s] Level 1:colcon.colcon_core.package_identification:_identify(log) by extension 'ignore'
[0.110s] Level 1:colcon.colcon_core.package_identification:_identify(log) ignored
[0.110s] Level 1:colcon.colcon_core.package_identification:_identify(turtlesim_py_pkg) by extensions ['ignore', 'ignore_ament_install']
[0.110s] Level 1:colcon.colcon_core.package_identification:_identify(turtlesim_py_pkg) by extension 'ignore'
[0.110s] Level 1:colcon.colcon_core.package_identification:_identify(turtlesim_py_pkg) by extension 'ignore_ament_install'
[0.110s] Level 1:colcon.colcon_core.package_identification:_identify(turtlesim_py_pkg) by extensions ['colcon_pkg']
[0.110s] Level 1:colcon.colcon_core.package_identification:_identify(turtlesim_py_pkg) by extension 'colcon_pkg'
[0.110s] Level 1:colcon.colcon_core.package_identification:_identify(turtlesim_py_pkg) by extensions ['colcon_meta']
[0.110s] Level 1:colcon.colcon_core.package_identification:_identify(turtlesim_py_pkg) by extension 'colcon_meta'
[0.110s] Level 1:colcon.colcon_core.package_identification:_identify(turtlesim_py_pkg) by extensions ['ros']
[0.110s] Level 1:colcon.colcon_core.package_identification:_identify(turtlesim_py_pkg) by extension 'ros'
[0.112s] DEBUG:colcon.colcon_core.package_identification:Package 'turtlesim_py_pkg' with type 'ros.ament_python' and name 'turtlesim_py_pkg'
[0.112s] Level 1:colcon.colcon_core.package_discovery:discover_packages(recursive) using defaults
[0.112s] Level 1:colcon.colcon_core.package_discovery:discover_packages(ignore) discover
[0.112s] Level 1:colcon.colcon_core.package_discovery:discover_packages(ignore) using defaults
[0.112s] Level 1:colcon.colcon_core.package_discovery:discover_packages(path) discover
[0.112s] Level 1:colcon.colcon_core.package_discovery:discover_packages(path) using defaults
[0.127s] Level 1:colcon.colcon_core.package_discovery:discover_packages(prefix_path) check parameters
[0.127s] Level 1:colcon.colcon_core.package_discovery:discover_packages(prefix_path) discover
[0.128s] DEBUG:colcon.colcon_installed_package_information.package_discovery:Found 0 installed packages in /home/yasin/turtlesim_ws/install
[0.128s] DEBUG:colcon.colcon_installed_package_information.package_discovery:Found 1 installed packages in /home/yasin/ros2_ws/install
[0.129s] DEBUG:colcon.colcon_installed_package_information.package_discovery:Found 271 installed packages in /opt/ros/humble
[0.130s] Level 1:colcon.colcon_core.package_discovery:discover_packages(prefix_path) using defaults
[0.151s] Level 5:colcon.colcon_core.verb:set package 'turtlesim_py_pkg' build argument 'cmake_args' from command line to 'None'
[0.151s] Level 5:colcon.colcon_core.verb:set package 'turtlesim_py_pkg' build argument 'cmake_target' from command line to 'None'
[0.151s] Level 5:colcon.colcon_core.verb:set package 'turtlesim_py_pkg' build argument 'cmake_target_skip_unavailable' from command line to 'False'
[0.151s] Level 5:colcon.colcon_core.verb:set package 'turtlesim_py_pkg' build argument 'cmake_clean_cache' from command line to 'False'
[0.151s] Level 5:colcon.colcon_core.verb:set package 'turtlesim_py_pkg' build argument 'cmake_clean_first' from command line to 'False'
[0.151s] Level 5:colcon.colcon_core.verb:set package 'turtlesim_py_pkg' build argument 'cmake_force_configure' from command line to 'False'
[0.151s] Level 5:colcon.colcon_core.verb:set package 'turtlesim_py_pkg' build argument 'ament_cmake_args' from command line to 'None'
[0.151s] Level 5:colcon.colcon_core.verb:set package 'turtlesim_py_pkg' build argument 'catkin_cmake_args' from command line to 'None'
[0.151s] Level 5:colcon.colcon_core.verb:set package 'turtlesim_py_pkg' build argument 'catkin_skip_building_tests' from command line to 'False'
[0.151s] DEBUG:colcon.colcon_core.verb:Building package 'turtlesim_py_pkg' with the following arguments: {'ament_cmake_args': None, 'build_base': '/home/yasin/turtlesim_ws/src/build/turtlesim_py_pkg', 'catkin_cmake_args': None, 'catkin_skip_building_tests': False, 'cmake_args': None, 'cmake_clean_cache': False, 'cmake_clean_first': False, 'cmake_force_configure': False, 'cmake_target': None, 'cmake_target_skip_unavailable': False, 'install_base': '/home/yasin/turtlesim_ws/src/install/turtlesim_py_pkg', 'merge_install': False, 'path': '/home/yasin/turtlesim_ws/src/turtlesim_py_pkg', 'symlink_install': False, 'test_result_base': None}
[0.152s] INFO:colcon.colcon_core.executor:Executing jobs using 'parallel' executor
[0.153s] DEBUG:colcon.colcon_parallel_executor.executor.parallel:run_until_complete
[0.153s] INFO:colcon.colcon_ros.task.ament_python.build:Building ROS package in '/home/yasin/turtlesim_ws/src/turtlesim_py_pkg' with build type 'ament_python'
[0.153s] Level 1:colcon.colcon_core.shell:create_environment_hook('turtlesim_py_pkg', 'ament_prefix_path')
[0.154s] INFO:colcon.colcon_core.plugin_system:Skipping extension 'colcon_core.shell.bat': Not used on non-Windows systems
[0.154s] INFO:colcon.colcon_core.shell:Creating environment hook '/home/yasin/turtlesim_ws/src/install/turtlesim_py_pkg/share/turtlesim_py_pkg/hook/ament_prefix_path.ps1'
[0.155s] INFO:colcon.colcon_core.shell:Creating environment descriptor '/home/yasin/turtlesim_ws/src/install/turtlesim_py_pkg/share/turtlesim_py_pkg/hook/ament_prefix_path.dsv'
[0.155s] INFO:colcon.colcon_core.shell:Creating environment hook '/home/yasin/turtlesim_ws/src/install/turtlesim_py_pkg/share/turtlesim_py_pkg/hook/ament_prefix_path.sh'
[0.155s] INFO:colcon.colcon_core.shell:Skip shell extension 'powershell' for command environment: Not usable outside of PowerShell
[0.155s] DEBUG:colcon.colcon_core.shell:Skip shell extension 'dsv' for command environment
[0.308s] INFO:colcon.colcon_core.task.python.build:Building Python package in '/home/yasin/turtlesim_ws/src/turtlesim_py_pkg'
[0.308s] INFO:colcon.colcon_core.shell:Skip shell extension 'powershell' for command environment: Not usable outside of PowerShell
[0.308s] DEBUG:colcon.colcon_core.shell:Skip shell extension 'dsv' for command environment
[0.621s] DEBUG:colcon.colcon_core.event_handler.log_command:Invoking command in '/home/yasin/turtlesim_ws/src/turtlesim_py_pkg': PYTHONPATH=/home/yasin/turtlesim_ws/src/build/turtlesim_py_pkg/prefix_override:/usr/lib/python3/dist-packages/colcon_core/task/python/colcon_distutils_commands:/home/yasin/turtlesim_ws/src/install/turtlesim_py_pkg/lib/python3.10/site-packages:${PYTHONPATH} /usr/bin/python3 -W ignore:setup.py install is deprecated -W ignore:easy_install command is deprecated setup.py egg_info --egg-base ../build/turtlesim_py_pkg build --build-base /home/yasin/turtlesim_ws/src/build/turtlesim_py_pkg/build install --record /home/yasin/turtlesim_ws/src/build/turtlesim_py_pkg/install.log --single-version-externally-managed install_data
[0.932s] DEBUG:colcon.colcon_core.event_handler.log_command:Invoked command in '/home/yasin/turtlesim_ws/src/turtlesim_py_pkg' returned '0': PYTHONPATH=/home/yasin/turtlesim_ws/src/build/turtlesim_py_pkg/prefix_override:/usr/lib/python3/dist-packages/colcon_core/task/python/colcon_distutils_commands:/home/yasin/turtlesim_ws/src/install/turtlesim_py_pkg/lib/python3.10/site-packages:${PYTHONPATH} /usr/bin/python3 -W ignore:setup.py install is deprecated -W ignore:easy_install command is deprecated setup.py egg_info --egg-base ../build/turtlesim_py_pkg build --build-base /home/yasin/turtlesim_ws/src/build/turtlesim_py_pkg/build install --record /home/yasin/turtlesim_ws/src/build/turtlesim_py_pkg/install.log --single-version-externally-managed install_data
[0.934s] Level 1:colcon.colcon_core.environment:checking '/home/yasin/turtlesim_ws/src/install/turtlesim_py_pkg' for CMake module files
[0.934s] Level 1:colcon.colcon_core.environment:checking '/home/yasin/turtlesim_ws/src/install/turtlesim_py_pkg' for CMake config files
[0.935s] Level 1:colcon.colcon_core.environment:checking '/home/yasin/turtlesim_ws/src/install/turtlesim_py_pkg/lib'
[0.935s] Level 1:colcon.colcon_core.environment:checking '/home/yasin/turtlesim_ws/src/install/turtlesim_py_pkg/bin'
[0.935s] Level 1:colcon.colcon_core.environment:checking '/home/yasin/turtlesim_ws/src/install/turtlesim_py_pkg/lib/pkgconfig/turtlesim_py_pkg.pc'
[0.935s] Level 1:colcon.colcon_core.environment:checking '/home/yasin/turtlesim_ws/src/install/turtlesim_py_pkg/lib/python3.10/site-packages'
[0.935s] Level 1:colcon.colcon_core.shell:create_environment_hook('turtlesim_py_pkg', 'pythonpath')
[0.935s] INFO:colcon.colcon_core.shell:Creating environment hook '/home/yasin/turtlesim_ws/src/install/turtlesim_py_pkg/share/turtlesim_py_pkg/hook/pythonpath.ps1'
[0.936s] INFO:colcon.colcon_core.shell:Creating environment descriptor '/home/yasin/turtlesim_ws/src/install/turtlesim_py_pkg/share/turtlesim_py_pkg/hook/pythonpath.dsv'
[0.936s] INFO:colcon.colcon_core.shell:Creating environment hook '/home/yasin/turtlesim_ws/src/install/turtlesim_py_pkg/share/turtlesim_py_pkg/hook/pythonpath.sh'
[0.936s] Level 1:colcon.colcon_core.environment:checking '/home/yasin/turtlesim_ws/src/install/turtlesim_py_pkg/bin'
[0.936s] Level 1:colcon.colcon_core.environment:create_environment_scripts_only(turtlesim_py_pkg)
[0.936s] INFO:colcon.colcon_core.shell:Creating package script '/home/yasin/turtlesim_ws/src/install/turtlesim_py_pkg/share/turtlesim_py_pkg/package.ps1'
[0.937s] INFO:colcon.colcon_core.shell:Creating package descriptor '/home/yasin/turtlesim_ws/src/install/turtlesim_py_pkg/share/turtlesim_py_pkg/package.dsv'
[0.937s] INFO:colcon.colcon_core.shell:Creating package script '/home/yasin/turtlesim_ws/src/install/turtlesim_py_pkg/share/turtlesim_py_pkg/package.sh'
[0.938s] INFO:colcon.colcon_core.shell:Creating package script '/home/yasin/turtlesim_ws/src/install/turtlesim_py_pkg/share/turtlesim_py_pkg/package.bash'
[0.938s] INFO:colcon.colcon_core.shell:Creating package script '/home/yasin/turtlesim_ws/src/install/turtlesim_py_pkg/share/turtlesim_py_pkg/package.zsh'
[0.939s] Level 1:colcon.colcon_core.environment:create_file_with_runtime_dependencies(/home/yasin/turtlesim_ws/src/install/turtlesim_py_pkg/share/colcon-core/packages/turtlesim_py_pkg)
[0.939s] DEBUG:colcon.colcon_parallel_executor.executor.parallel:closing loop
[0.939s] DEBUG:colcon.colcon_parallel_executor.executor.parallel:loop closed
[0.939s] DEBUG:colcon.colcon_parallel_executor.executor.parallel:run_until_complete finished with '0'
[0.939s] DEBUG:colcon.colcon_core.event_reactor:joining thread
[0.943s] INFO:colcon.colcon_core.plugin_system:Skipping extension 'colcon_notification.desktop_notification.terminal_notifier': Not used on non-Darwin systems
[0.943s] INFO:colcon.colcon_core.plugin_system:Skipping extension 'colcon_notification.desktop_notification.win32': Not used on non-Windows systems
[0.943s] INFO:colcon.colcon_notification.desktop_notification:Sending desktop notification using 'notify2'
[0.954s] DEBUG:colcon.colcon_core.event_reactor:joined thread
[0.955s] INFO:colcon.colcon_core.shell:Creating prefix script '/home/yasin/turtlesim_ws/src/install/local_setup.ps1'
[0.956s] INFO:colcon.colcon_core.shell:Creating prefix util module '/home/yasin/turtlesim_ws/src/install/_local_setup_util_ps1.py'
[0.958s] INFO:colcon.colcon_core.shell:Creating prefix chain script '/home/yasin/turtlesim_ws/src/install/setup.ps1'
[0.960s] INFO:colcon.colcon_core.shell:Creating prefix script '/home/yasin/turtlesim_ws/src/install/local_setup.sh'
[0.960s] INFO:colcon.colcon_core.shell:Creating prefix util module '/home/yasin/turtlesim_ws/src/install/_local_setup_util_sh.py'
[0.961s] INFO:colcon.colcon_core.shell:Creating prefix chain script '/home/yasin/turtlesim_ws/src/install/setup.sh'
[0.963s] INFO:colcon.colcon_core.shell:Creating prefix script '/home/yasin/turtlesim_ws/src/install/local_setup.bash'
[0.963s] INFO:colcon.colcon_core.shell:Creating prefix chain script '/home/yasin/turtlesim_ws/src/install/setup.bash'
[0.965s] INFO:colcon.colcon_core.shell:Creating prefix script '/home/yasin/turtlesim_ws/src/install/local_setup.zsh'
[0.965s] INFO:colcon.colcon_core.shell:Creating prefix chain script '/home/yasin/turtlesim_ws/src/install/setup.zsh'
