running egg_info
creating ../build/turtlesim_py_pkg/turtlesim_py_pkg.egg-info
writing ../build/turtlesim_py_pkg/turtlesim_py_pkg.egg-info/PKG-INFO
writing dependency_links to ../build/turtlesim_py_pkg/turtlesim_py_pkg.egg-info/dependency_links.txt
writing requirements to ../build/turtlesim_py_pkg/turtlesim_py_pkg.egg-info/requires.txt
writing top-level names to ../build/turtlesim_py_pkg/turtlesim_py_pkg.egg-info/top_level.txt
writing manifest file '../build/turtlesim_py_pkg/turtlesim_py_pkg.egg-info/SOURCES.txt'
reading manifest file '../build/turtlesim_py_pkg/turtlesim_py_pkg.egg-info/SOURCES.txt'
writing manifest file '../build/turtlesim_py_pkg/turtlesim_py_pkg.egg-info/SOURCES.txt'
running build
running build_py
creating /home/yasin/turtlesim_ws/src/build/turtlesim_py_pkg/build
creating /home/yasin/turtlesim_ws/src/build/turtlesim_py_pkg/build/lib
creating /home/yasin/turtlesim_ws/src/build/turtlesim_py_pkg/build/lib/turtlesim_py_pkg
copying turtlesim_py_pkg/__init__.py -> /home/yasin/turtlesim_ws/src/build/turtlesim_py_pkg/build/lib/turtlesim_py_pkg
running install
running install_lib
creating /home/yasin/turtlesim_ws/src/install/turtlesim_py_pkg/lib/python3.10/site-packages/turtlesim_py_pkg
copying /home/yasin/turtlesim_ws/src/build/turtlesim_py_pkg/build/lib/turtlesim_py_pkg/__init__.py -> /home/yasin/turtlesim_ws/src/install/turtlesim_py_pkg/lib/python3.10/site-packages/turtlesim_py_pkg
byte-compiling /home/yasin/turtlesim_ws/src/install/turtlesim_py_pkg/lib/python3.10/site-packages/turtlesim_py_pkg/__init__.py to __init__.cpython-310.pyc
running install_data
creating /home/yasin/turtlesim_ws/src/install/turtlesim_py_pkg/share/ament_index
creating /home/yasin/turtlesim_ws/src/install/turtlesim_py_pkg/share/ament_index/resource_index
creating /home/yasin/turtlesim_ws/src/install/turtlesim_py_pkg/share/ament_index/resource_index/packages
copying resource/turtlesim_py_pkg -> /home/yasin/turtlesim_ws/src/install/turtlesim_py_pkg/share/ament_index/resource_index/packages
copying package.xml -> /home/yasin/turtlesim_ws/src/install/turtlesim_py_pkg/share/turtlesim_py_pkg
running install_egg_info
Copying ../build/turtlesim_py_pkg/turtlesim_py_pkg.egg-info to /home/yasin/turtlesim_ws/src/install/turtlesim_py_pkg/lib/python3.10/site-packages/turtlesim_py_pkg-0.0.0-py3.10.egg-info
running install_scripts
writing list of installed files to '/home/yasin/turtlesim_ws/src/build/turtlesim_py_pkg/install.log'
