[0.468s] Invoking command in '/home/yasin/turtlesim_ws/src/turtlesim_py_pkg': PYTHONPATH=/home/yasin/turtlesim_ws/src/build/turtlesim_py_pkg/prefix_override:/usr/lib/python3/dist-packages/colcon_core/task/python/colcon_distutils_commands:/home/yasin/turtlesim_ws/src/install/turtlesim_py_pkg/lib/python3.10/site-packages:${PYTHONPATH} /usr/bin/python3 -W ignore:setup.py install is deprecated -W ignore:easy_install command is deprecated setup.py egg_info --egg-base ../build/turtlesim_py_pkg build --build-base /home/yasin/turtlesim_ws/src/build/turtlesim_py_pkg/build install --record /home/yasin/turtlesim_ws/src/build/turtlesim_py_pkg/install.log --single-version-externally-managed install_data
[0.637s] running egg_info
[0.637s] creating ../build/turtlesim_py_pkg/turtlesim_py_pkg.egg-info
[0.645s] writing ../build/turtlesim_py_pkg/turtlesim_py_pkg.egg-info/PKG-INFO
[0.645s] writing dependency_links to ../build/turtlesim_py_pkg/turtlesim_py_pkg.egg-info/dependency_links.txt
[0.645s] writing requirements to ../build/turtlesim_py_pkg/turtlesim_py_pkg.egg-info/requires.txt
[0.645s] writing top-level names to ../build/turtlesim_py_pkg/turtlesim_py_pkg.egg-info/top_level.txt
[0.645s] writing manifest file '../build/turtlesim_py_pkg/turtlesim_py_pkg.egg-info/SOURCES.txt'
[0.661s] reading manifest file '../build/turtlesim_py_pkg/turtlesim_py_pkg.egg-info/SOURCES.txt'
[0.662s] writing manifest file '../build/turtlesim_py_pkg/turtlesim_py_pkg.egg-info/SOURCES.txt'
[0.662s] running build
[0.662s] running build_py
[0.662s] creating /home/yasin/turtlesim_ws/src/build/turtlesim_py_pkg/build
[0.662s] creating /home/yasin/turtlesim_ws/src/build/turtlesim_py_pkg/build/lib
[0.662s] creating /home/yasin/turtlesim_ws/src/build/turtlesim_py_pkg/build/lib/turtlesim_py_pkg
[0.662s] copying turtlesim_py_pkg/__init__.py -> /home/yasin/turtlesim_ws/src/build/turtlesim_py_pkg/build/lib/turtlesim_py_pkg
[0.662s] running install
[0.666s] running install_lib
[0.674s] creating /home/yasin/turtlesim_ws/src/install/turtlesim_py_pkg/lib/python3.10/site-packages/turtlesim_py_pkg
[0.674s] copying /home/yasin/turtlesim_ws/src/build/turtlesim_py_pkg/build/lib/turtlesim_py_pkg/__init__.py -> /home/yasin/turtlesim_ws/src/install/turtlesim_py_pkg/lib/python3.10/site-packages/turtlesim_py_pkg
[0.674s] byte-compiling /home/yasin/turtlesim_ws/src/install/turtlesim_py_pkg/lib/python3.10/site-packages/turtlesim_py_pkg/__init__.py to __init__.cpython-310.pyc
[0.674s] running install_data
[0.674s] creating /home/yasin/turtlesim_ws/src/install/turtlesim_py_pkg/share/ament_index
[0.674s] creating /home/yasin/turtlesim_ws/src/install/turtlesim_py_pkg/share/ament_index/resource_index
[0.674s] creating /home/yasin/turtlesim_ws/src/install/turtlesim_py_pkg/share/ament_index/resource_index/packages
[0.674s] copying resource/turtlesim_py_pkg -> /home/yasin/turtlesim_ws/src/install/turtlesim_py_pkg/share/ament_index/resource_index/packages
[0.674s] copying package.xml -> /home/yasin/turtlesim_ws/src/install/turtlesim_py_pkg/share/turtlesim_py_pkg
[0.674s] running install_egg_info
[0.683s] Copying ../build/turtlesim_py_pkg/turtlesim_py_pkg.egg-info to /home/yasin/turtlesim_ws/src/install/turtlesim_py_pkg/lib/python3.10/site-packages/turtlesim_py_pkg-0.0.0-py3.10.egg-info
[0.683s] running install_scripts
[0.757s] writing list of installed files to '/home/yasin/turtlesim_ws/src/build/turtlesim_py_pkg/install.log'
[0.779s] Invoked command in '/home/yasin/turtlesim_ws/src/turtlesim_py_pkg' returned '0': PYTHONPATH=/home/yasin/turtlesim_ws/src/build/turtlesim_py_pkg/prefix_override:/usr/lib/python3/dist-packages/colcon_core/task/python/colcon_distutils_commands:/home/yasin/turtlesim_ws/src/install/turtlesim_py_pkg/lib/python3.10/site-packages:${PYTHONPATH} /usr/bin/python3 -W ignore:setup.py install is deprecated -W ignore:easy_install command is deprecated setup.py egg_info --egg-base ../build/turtlesim_py_pkg build --build-base /home/yasin/turtlesim_ws/src/build/turtlesim_py_pkg/build install --record /home/yasin/turtlesim_ws/src/build/turtlesim_py_pkg/install.log --single-version-externally-managed install_data
